<?xml version="1.0" encoding="UTF-8"?>
<!-- Generated by org.testng.reporters.JUnitXMLReporter -->
<testsuite hostname="XIPLR080" ignored="0" tests="1" failures="1" timestamp="13 Feb 2018 08:47:39 GMT" time="0.041" errors="0">
  <testcase name="login" time="0.013" classname="DemoNG">
    <failure type="java.lang.NullPointerException">
      <![CDATA[java.lang.NullPointerExceptionat DemoNG.login(DemoNG.java:29)... Removed 25 stack frames]]>
    </failure>
  </testcase> <!-- login -->
</testsuite>
